<?xml version="1.0" encoding="UTF-8"?>
<!-- Generated by org.testng.reporters.JUnitReportReporter -->
<testsuite hostname="upasana-carto" failures="0" tests="1" name="testScript.BaseTest" time="6.049" errors="0" timestamp="2025-04-16T21:21:08 IST" skipped="0">
  <testcase classname="testScript.BaseTest" name="tc1" time="6.049"/>
</testsuite> <!-- testScript.BaseTest -->
