<?xml version="1.0" encoding="UTF-8"?>
<!-- Generated by org.testng.reporters.JUnitReportReporter -->
<testsuite hostname="upasana-carto" failures="0" tests="4" name="testScript.BaseTest" time="0.020" errors="0" timestamp="2025-04-27T04:28:34 IST" skipped="0">
  <testcase classname="testScript.BaseTest" name="tc01" time="0.003"/>
  <testcase classname="testScript.BaseTest" name="tc01" time="0.002"/>
  <testcase classname="testScript.BaseTest" name="tc01" time="0.001"/>
  <testcase classname="testScript.BaseTest" name="tc01" time="0.014"/>
</testsuite> <!-- testScript.BaseTest -->
